<?xml version="1.0" encoding="UTF-8"?>
<testng-results skipped="0" failed="0" ignored="0" total="1" passed="1">
  <reporter-output>
  </reporter-output>
  <suite name="inetBankingV1" duration-ms="14996" started-at="2022-03-20T19:53:01 EDT" finished-at="2022-03-20T19:53:16 EDT">
    <groups>
    </groups>
    <test name="inetBaking App Test" duration-ms="14996" started-at="2022-03-20T19:53:01 EDT" finished-at="2022-03-20T19:53:16 EDT">
      <class name="com.inetBanking.testCases.TC_LoginTest_001">
        <test-method status="PASS" signature="setup(java.lang.String)[pri:0, instance:com.inetBanking.testCases.TC_LoginTest_001@49835d]" name="setup" is-config="true" duration-ms="8527" started-at="2022-03-20T19:53:01 EDT" finished-at="2022-03-20T19:53:09 EDT">
          <params>
            <param index="0">
              <value>
                <![CDATA[chrome]]>
              </value>
            </param>
          </params>
          <reporter-output>
          </reporter-output>
        </test-method> <!-- setup -->
        <test-method status="PASS" signature="loginTest()[pri:0, instance:com.inetBanking.testCases.TC_LoginTest_001@49835d]" name="loginTest" duration-ms="5459" started-at="2022-03-20T19:53:09 EDT" finished-at="2022-03-20T19:53:15 EDT">
          <reporter-output>
          </reporter-output>
        </test-method> <!-- loginTest -->
        <test-method status="PASS" signature="tearDown()[pri:0, instance:com.inetBanking.testCases.TC_LoginTest_001@49835d]" name="tearDown" is-config="true" duration-ms="843" started-at="2022-03-20T19:53:15 EDT" finished-at="2022-03-20T19:53:16 EDT">
          <reporter-output>
          </reporter-output>
        </test-method> <!-- tearDown -->
      </class> <!-- com.inetBanking.testCases.TC_LoginTest_001 -->
    </test> <!-- inetBaking App Test -->
  </suite> <!-- inetBankingV1 -->
</testng-results>
